  enemy.cpp
c:\users\kuror\onedrive\documents\hew\hew_sample04\enemy.cpp(94): warning C4305: '+=': 'double' から 'float' へ切り詰めます。
c:\users\kuror\onedrive\documents\hew\hew_sample04\enemy.cpp(97): warning C4305: '+=': 'double' から 'float' へ切り詰めます。
c:\users\kuror\onedrive\documents\hew\hew_sample04\enemy.cpp(100): warning C4305: '+=': 'double' から 'float' へ切り詰めます。
c:\users\kuror\onedrive\documents\hew\hew_sample04\enemy.cpp(103): warning C4305: '+=': 'double' から 'float' へ切り詰めます。
c:\users\kuror\onedrive\documents\hew\hew_sample04\enemy.cpp(195): warning C4244: 'return': 'float' から 'int' への変換です。データが失われる可能性があります。
  game.cpp
c:\users\kuror\onedrive\documents\hew\hew_sample04\scene.h(13): warning C4091: 'typedef ': 変数が何も宣言されていないときは、'SCENE_INDEX' の左辺を無視します。
c:\users\kuror\onedrive\documents\hew\hew_sample04\game.cpp(24): warning C4091: 'typedef ': 変数が何も宣言されていないときは、'PHASE_INDEX' の左辺を無視します。
c:\users\kuror\onedrive\documents\hew\hew_sample04\game.cpp(180): warning C4305: '+=': 'double' から 'float' へ切り詰めます。
c:\users\kuror\onedrive\documents\hew\hew_sample04\game.cpp(196): warning C4305: '+=': 'double' から 'float' へ切り詰めます。
c:\users\kuror\onedrive\documents\hew\hew_sample04\game.cpp(218): warning C4305: '+=': 'double' から 'float' へ切り詰めます。
c:\users\kuror\onedrive\documents\hew\hew_sample04\game.cpp(235): warning C4305: '+=': 'double' から 'float' へ切り詰めます。
c:\users\kuror\onedrive\documents\hew\hew_sample04\game.cpp(255): warning C4305: '+=': 'double' から 'float' へ切り詰めます。
c:\users\kuror\onedrive\documents\hew\hew_sample04\game.cpp(270): warning C4305: '+=': 'double' から 'float' へ切り詰めます。
c:\users\kuror\onedrive\documents\hew\hew_sample04\game.cpp(289): warning C4305: '+=': 'double' から 'float' へ切り詰めます。
c:\users\kuror\onedrive\documents\hew\hew_sample04\game.cpp(308): warning C4244: '引数': 'float' から 'int' への変換です。データが失われる可能性があります。
c:\users\kuror\onedrive\documents\hew\hew_sample04\game.cpp(309): warning C4244: '引数': 'float' から 'int' への変換です。データが失われる可能性があります。
c:\users\kuror\onedrive\documents\hew\hew_sample04\game.cpp(310): warning C4244: '引数': 'float' から 'int' への変換です。データが失われる可能性があります。
c:\users\kuror\onedrive\documents\hew\hew_sample04\game.cpp(312): warning C4244: '引数': 'float' から 'int' への変換です。データが失われる可能性があります。
c:\users\kuror\onedrive\documents\hew\hew_sample04\game.cpp(313): warning C4244: '引数': 'float' から 'int' への変換です。データが失われる可能性があります。
c:\users\kuror\onedrive\documents\hew\hew_sample04\game.cpp(314): warning C4244: '引数': 'float' から 'int' への変換です。データが失われる可能性があります。
c:\users\kuror\onedrive\documents\hew\hew_sample04\game.cpp(316): warning C4244: '引数': 'float' から 'int' への変換です。データが失われる可能性があります。
c:\users\kuror\onedrive\documents\hew\hew_sample04\game.cpp(317): warning C4244: '引数': 'float' から 'int' への変換です。データが失われる可能性があります。
c:\users\kuror\onedrive\documents\hew\hew_sample04\game.cpp(318): warning C4244: '引数': 'float' から 'int' への変換です。データが失われる可能性があります。
c:\users\kuror\onedrive\documents\hew\hew_sample04\game.cpp(320): warning C4244: '引数': 'float' から 'int' への変換です。データが失われる可能性があります。
c:\users\kuror\onedrive\documents\hew\hew_sample04\game.cpp(321): warning C4244: '引数': 'float' から 'int' への変換です。データが失われる可能性があります。
c:\users\kuror\onedrive\documents\hew\hew_sample04\game.cpp(322): warning C4244: '引数': 'float' から 'int' への変換です。データが失われる可能性があります。
  item.cpp
  main.cpp
c:\users\kuror\onedrive\documents\hew\hew_sample04\scene.h(13): warning C4091: 'typedef ': 変数が何も宣言されていないときは、'SCENE_INDEX' の左辺を無視します。
  player.cpp
c:\users\kuror\onedrive\documents\hew\hew_sample04\player.cpp(44): warning C4305: '+=': 'double' から 'float' へ切り詰めます。
c:\users\kuror\onedrive\documents\hew\hew_sample04\player.cpp(52): warning C4305: '+=': 'double' から 'float' へ切り詰めます。
c:\users\kuror\onedrive\documents\hew\hew_sample04\player.cpp(60): warning C4305: '+=': 'double' から 'float' へ切り詰めます。
c:\users\kuror\onedrive\documents\hew\hew_sample04\player.cpp(68): warning C4305: '+=': 'double' から 'float' へ切り詰めます。
  コードを生成中...
  HEW_Sample04.vcxproj -> C:\Users\kuror\OneDrive\Documents\HEW\Debug\HEW_Sample04.exe
