c:\users\tomo0105\desktop\hew_sample04\hew_sample04\debug\vc141.pdb
c:\users\tomo0105\desktop\hew_sample04\hew_sample04\debug\vc141.idb
c:\users\tomo0105\desktop\hew_sample04\hew_sample04\debug\title.obj
c:\users\tomo0105\desktop\hew_sample04\hew_sample04\debug\timer.obj
c:\users\tomo0105\desktop\hew_sample04\hew_sample04\debug\texture.obj
c:\users\tomo0105\desktop\hew_sample04\hew_sample04\debug\sprite.obj
c:\users\tomo0105\desktop\hew_sample04\hew_sample04\debug\sound.obj
c:\users\tomo0105\desktop\hew_sample04\hew_sample04\debug\score_draw.obj
c:\users\tomo0105\desktop\hew_sample04\hew_sample04\debug\scene_tutorial.obj
c:\users\tomo0105\desktop\hew_sample04\hew_sample04\debug\scene_playerselect.obj
c:\users\tomo0105\desktop\hew_sample04\hew_sample04\debug\scene.obj
c:\users\tomo0105\desktop\hew_sample04\hew_sample04\debug\result.obj
c:\users\tomo0105\desktop\hew_sample04\hew_sample04\debug\player.obj
c:\users\tomo0105\desktop\hew_sample04\hew_sample04\debug\number.obj
c:\users\tomo0105\desktop\hew_sample04\hew_sample04\debug\mydirect3d.obj
c:\users\tomo0105\desktop\hew_sample04\hew_sample04\debug\main.obj
c:\users\tomo0105\desktop\hew_sample04\hew_sample04\debug\input.obj
c:\users\tomo0105\desktop\hew_sample04\hew_sample04\debug\game.obj
c:\users\tomo0105\desktop\hew_sample04\hew_sample04\debug\fade.obj
c:\users\tomo0105\desktop\hew_sample04\hew_sample04\debug\enemy.obj
f:\hew_sample04\hew_sample04\debug\vc141.pdb
f:\hew_sample04\hew_sample04\debug\vc141.idb
f:\hew_sample04\hew_sample04\debug\title.obj
f:\hew_sample04\hew_sample04\debug\timer.obj
f:\hew_sample04\hew_sample04\debug\texture.obj
f:\hew_sample04\hew_sample04\debug\sprite.obj
f:\hew_sample04\hew_sample04\debug\sound.obj
f:\hew_sample04\hew_sample04\debug\score_draw.obj
f:\hew_sample04\hew_sample04\debug\scene_tutorial.obj
f:\hew_sample04\hew_sample04\debug\scene_playerselect.obj
f:\hew_sample04\hew_sample04\debug\scene.obj
f:\hew_sample04\hew_sample04\debug\result.obj
f:\hew_sample04\hew_sample04\debug\player.obj
f:\hew_sample04\hew_sample04\debug\number.obj
f:\hew_sample04\hew_sample04\debug\mydirect3d.obj
f:\hew_sample04\hew_sample04\debug\main.obj
f:\hew_sample04\hew_sample04\debug\input.obj
f:\hew_sample04\hew_sample04\debug\game.obj
f:\hew_sample04\hew_sample04\debug\fade.obj
f:\hew_sample04\hew_sample04\debug\enemy.obj
c:\users\tomo0105\desktop\hew_sample04\debug\hew_sample04.exe
c:\users\tomo0105\desktop\hew_sample04\debug\hew_sample04.ilk
c:\users\tomo0105\desktop\hew_sample04\debug\hew_sample04.pdb
f:\hew_sample04\debug\hew_sample04.ilk
f:\hew_sample04\debug\hew_sample04.exe
f:\hew_sample04\debug\hew_sample04.pdb
c:\users\durar\documents\hew\hew_sample04\debug\vc141.idb
c:\users\durar\documents\hew\hew_sample04\debug\vc141.pdb
c:\users\durar\documents\hew\debug\hew_sample04.pdb
c:\users\durar\documents\hew\debug\hew_sample04.ilk
c:\users\durar\documents\hew\hew_sample04\debug\hew_sample04.tlog\cl.command.1.tlog
c:\users\durar\documents\hew\hew_sample04\debug\hew_sample04.tlog\cl.read.1.tlog
c:\users\durar\documents\hew\hew_sample04\debug\hew_sample04.tlog\cl.write.1.tlog
c:\users\durar\documents\hew\hew_sample04\debug\hew_sample04.tlog\link.command.1.tlog
c:\users\durar\documents\hew\hew_sample04\debug\hew_sample04.tlog\link.read.1.tlog
c:\users\durar\documents\hew\hew_sample04\debug\hew_sample04.tlog\link.write.1.tlog
